This is pdfTeX, Version 3.14159265-2.6-1.40.18 (TeX Live 2017) (preloaded format=pdflatex 2017.5.23)  21 SEP 2017 20:27
entering extended mode
 restricted \write18 enabled.
 file:line:error style messages enabled.
 %&-line parsing enabled.
**portfolio.tex
(./portfolio.tex
LaTeX2e <2017-04-15>
Babel <3.10> and hyphenation patterns for 84 language(s) loaded.
(/usr/local/texlive/2017/texmf-dist/tex/latex/base/report.cls
Document Class: report 2014/09/29 v1.4h Standard LaTeX document class
(/usr/local/texlive/2017/texmf-dist/tex/latex/base/size10.clo
File: size10.clo 2014/09/29 v1.4h Standard LaTeX file (size option)
)
\c@part=\count79
\c@chapter=\count80
\c@section=\count81
\c@subsection=\count82
\c@subsubsection=\count83
\c@paragraph=\count84
\c@subparagraph=\count85
\c@figure=\count86
\c@table=\count87
\abovecaptionskip=\skip41
\belowcaptionskip=\skip42
\bibindent=\dimen102
) (/usr/local/texlive/2017/texmf-dist/tex/latex/graphics/graphicx.sty
Package: graphicx 2014/10/28 v1.0g Enhanced LaTeX Graphics (DPC,SPQR)
 (/usr/local/texlive/2017/texmf-dist/tex/latex/graphics/keyval.sty
Package: keyval 2014/10/28 v1.15 key=value parser (DPC)
\KV@toks@=\toks14
) (/usr/local/texlive/2017/texmf-dist/tex/latex/graphics/graphics.sty
Package: graphics 2017/04/14 v1.1b Standard LaTeX Graphics (DPC,SPQR)
 (/usr/local/texlive/2017/texmf-dist/tex/latex/graphics/trig.sty
Package: trig 2016/01/03 v1.10 sin cos tan (DPC)
) (/usr/local/texlive/2017/texmf-dist/tex/latex/graphics-cfg/graphics.cfg
File: graphics.cfg 2016/06/04 v1.11 sample graphics configuration
)
Package graphics Info: Driver file: pdftex.def on input line 99.
 (/usr/local/texlive/2017/texmf-dist/tex/latex/graphics-def/pdftex.def
File: pdftex.def 2017/01/12 v0.06k Graphics/color for pdfTeX
 (/usr/local/texlive/2017/texmf-dist/tex/generic/oberdiek/infwarerr.sty
Package: infwarerr 2016/05/16 v1.4 Providing info/warning/error messages (HO)
) (/usr/local/texlive/2017/texmf-dist/tex/generic/oberdiek/ltxcmds.sty
Package: ltxcmds 2016/05/16 v1.23 LaTeX kernel commands for general use (HO)
)
\Gread@gobject=\count88
))
\Gin@req@height=\dimen103
\Gin@req@width=\dimen104
) (/usr/local/texlive/2017/texmf-dist/tex/latex/oberdiek/pdflscape.sty
Package: pdflscape 2016/05/14 v0.11 Display of landscape pages in PDF (HO)
 (/usr/local/texlive/2017/texmf-dist/tex/latex/graphics/lscape.sty
Package: lscape 2000/10/22 v3.01 Landscape Pages (DPC)
) (/usr/local/texlive/2017/texmf-dist/tex/generic/oberdiek/ifpdf.sty
Package: ifpdf 2017/03/15 v3.2 Provides the ifpdf switch
)
Package pdflscape Info: Auto-detected driver: pdftex on input line 81.
 (/usr/local/texlive/2017/texmf-dist/tex/generic/ifxetex/ifxetex.sty
Package: ifxetex 2010/09/12 v0.6 Provides ifxetex conditional
)) (./portfolio.aux)
\openout1 = `portfolio.aux'.

LaTeX Font Info:    Checking defaults for OML/cmm/m/it on input line 10.
LaTeX Font Info:    ... okay on input line 10.
LaTeX Font Info:    Checking defaults for T1/cmr/m/n on input line 10.
LaTeX Font Info:    ... okay on input line 10.
LaTeX Font Info:    Checking defaults for OT1/cmr/m/n on input line 10.
LaTeX Font Info:    ... okay on input line 10.
LaTeX Font Info:    Checking defaults for OMS/cmsy/m/n on input line 10.
LaTeX Font Info:    ... okay on input line 10.
LaTeX Font Info:    Checking defaults for OMX/cmex/m/n on input line 10.
LaTeX Font Info:    ... okay on input line 10.
LaTeX Font Info:    Checking defaults for U/cmr/m/n on input line 10.
LaTeX Font Info:    ... okay on input line 10.
 (/usr/local/texlive/2017/texmf-dist/tex/context/base/mkii/supp-pdf.mkii
[Loading MPS to PDF converter (version 2006.09.02).]
\scratchcounter=\count89
\scratchdimen=\dimen105
\scratchbox=\box26
\nofMPsegments=\count90
\nofMParguments=\count91
\everyMPshowfont=\toks15
\MPscratchCnt=\count92
\MPscratchDim=\dimen106
\MPnumerator=\count93
\makeMPintoPDFobject=\count94
\everyMPtoPDFconversion=\toks16
) (/usr/local/texlive/2017/texmf-dist/tex/generic/oberdiek/pdftexcmds.sty
Package: pdftexcmds 2017/03/19 v0.25 Utility functions of pdfTeX for LuaTeX (HO)
 (/usr/local/texlive/2017/texmf-dist/tex/generic/oberdiek/ifluatex.sty
Package: ifluatex 2016/05/16 v1.4 Provides the ifluatex switch (HO)
Package ifluatex Info: LuaTeX not detected.
)
Package pdftexcmds Info: LuaTeX not detected.
Package pdftexcmds Info: \pdf@primitive is available.
Package pdftexcmds Info: \pdf@ifprimitive is available.
Package pdftexcmds Info: \pdfdraftmode found.
) (/usr/local/texlive/2017/texmf-dist/tex/latex/oberdiek/epstopdf-base.sty
Package: epstopdf-base 2016/05/15 v2.6 Base part for package epstopdf
 (/usr/local/texlive/2017/texmf-dist/tex/latex/oberdiek/grfext.sty
Package: grfext 2016/05/16 v1.2 Manage graphics extensions (HO)
 (/usr/local/texlive/2017/texmf-dist/tex/generic/oberdiek/kvdefinekeys.sty
Package: kvdefinekeys 2016/05/16 v1.4 Define keys (HO)
)) (/usr/local/texlive/2017/texmf-dist/tex/latex/oberdiek/kvoptions.sty
Package: kvoptions 2016/05/16 v3.12 Key value format for package options (HO)
 (/usr/local/texlive/2017/texmf-dist/tex/generic/oberdiek/kvsetkeys.sty
Package: kvsetkeys 2016/05/16 v1.17 Key value parser (HO)
 (/usr/local/texlive/2017/texmf-dist/tex/generic/oberdiek/etexcmds.sty
Package: etexcmds 2016/05/16 v1.6 Avoid name clashes with e-TeX commands (HO)
Package etexcmds Info: Could not find \expanded.
(etexcmds)             That can mean that you are not using pdfTeX 1.50 or
(etexcmds)             that some package has redefined \expanded.
(etexcmds)             In the latter case, load this package earlier.
)))
Package epstopdf-base Info: Redefining graphics rule for `.eps' on input line 438.
Package grfext Info: Graphics extension search list:
(grfext)             [.png,.pdf,.jpg,.mps,.jpeg,.jbig2,.jb2,.PNG,.PDF,.JPG,.JPEG,.JBIG2,.JB2,.eps]
(grfext)             \AppendGraphicsExtensions on input line 456.
 (/usr/local/texlive/2017/texmf-dist/tex/latex/latexconfig/epstopdf-sys.cfg
File: epstopdf-sys.cfg 2010/07/13 v1.3 Configuration of (r)epstopdf for TeX Live
))
LaTeX Font Info:    External font `cmex10' loaded for size
(Font)              <12> on input line 12.
LaTeX Font Info:    External font `cmex10' loaded for size
(Font)              <8> on input line 12.
LaTeX Font Info:    External font `cmex10' loaded for size
(Font)              <6> on input line 12.
 [1

{/usr/local/texlive/2017/texmf-var/fonts/map/pdftex/updmap/pdftex.map}] <res/port_allison.jpg, id=8, 3758.04pt x 5637.06pt>
File: res/port_allison.jpg Graphic file (type jpg)
 <use res/port_allison.jpg>
Package pdftex.def Info: res/port_allison.jpg used on input line 16.
(pdftex.def)             Requested size: 345.0pt x 517.46323pt.
 [1 <./res/port_allison.jpg>] <res/port_jessica_roy.jpg, id=12, 4549.99875pt x 3639.5975pt>
File: res/port_jessica_roy.jpg Graphic file (type jpg)
 <use res/port_jessica_roy.jpg>
Package pdftex.def Info: res/port_jessica_roy.jpg used on input line 22.
(pdftex.def)             Requested size: 431.2824pt x 345.0pt.
 [2 <./res/port_jessica_roy.jpg>]
<res/promo_in2.jpg, id=16, 5203.44pt x 3468.96pt>
File: res/promo_in2.jpg Graphic file (type jpg)
 <use res/promo_in2.jpg>
Package pdftex.def Info: res/promo_in2.jpg used on input line 29.
(pdftex.def)             Requested size: 517.43677pt x 345.0pt.
 [3 <./res/promo_in2.jpg>] <res/sport_grace.jpg, id=20, 2010.51125pt x 3015.265pt>
File: res/sport_grace.jpg Graphic file (type jpg)
 <use res/sport_grace.jpg>
Package pdftex.def Info: res/sport_grace.jpg used on input line 35.
(pdftex.def)             Requested size: 345.0pt x 517.37323pt.
 [4 <./res/sport_grace.jpg>] <res/port_tyson.jpg, id=24, 6022.5pt x 4015.0pt>
File: res/port_tyson.jpg Graphic file (type jpg)
 <use res/port_tyson.jpg>
Package pdftex.def Info: res/port_tyson.jpg used on input line 41.
(pdftex.def)             Requested size: 517.46544pt x 345.0pt.
 [5 <./res/port_tyson.jpg>] <res/group_taiwan.jpg, id=28, 5637.06pt x 3758.04pt>
File: res/group_taiwan.jpg Graphic file (type jpg)
 <use res/group_taiwan.jpg>
Package pdftex.def Info: res/group_taiwan.jpg used on input line 48.
(pdftex.def)             Requested size: 517.46323pt x 345.0pt.
 [6 <./res/group_taiwan.jpg>] <res/port_grandpa.jpg, id=33, 3712.87125pt x 5570.8125pt>
File: res/port_grandpa.jpg Graphic file (type jpg)
 <use res/port_grandpa.jpg>
Package pdftex.def Info: res/port_grandpa.jpg used on input line 54.
(pdftex.def)             Requested size: 345.0pt x 517.58719pt.
 [7 <./res/port_grandpa.jpg>] <res/event_simon.jpg, id=37, 6022.5pt x 4015.0pt>
File: res/event_simon.jpg Graphic file (type jpg)
 <use res/event_simon.jpg>
Package pdftex.def Info: res/event_simon.jpg used on input line 60.
(pdftex.def)             Requested size: 517.46544pt x 345.0pt.
 [8 <./res/event_simon.jpg>] <res/port_felicia.jpg, id=41, 4031.06pt x 6038.56pt>
File: res/port_felicia.jpg Graphic file (type jpg)
 <use res/port_felicia.jpg>
Package pdftex.def Info: res/port_felicia.jpg used on input line 66.
(pdftex.def)             Requested size: 345.0pt x 516.7261pt.
 [9 <./res/port_felicia.jpg>] <res/event_hypnotist.jpg, id=45, 5203.44pt x 3468.96pt>
File: res/event_hypnotist.jpg Graphic file (type jpg)
 <use res/event_hypnotist.jpg>
Package pdftex.def Info: res/event_hypnotist.jpg used on input line 72.
(pdftex.def)             Requested size: 517.43677pt x 345.0pt.
 [10 <./res/event_hypnotist.jpg>] <res/port_karolina.jpg, id=49, 5344.96875pt x 2348.775pt>
File: res/port_karolina.jpg Graphic file (type jpg)
 <use res/port_karolina.jpg>
Package pdftex.def Info: res/port_karolina.jpg used on input line 79.
(pdftex.def)             Requested size: 550.0pt x 241.6649pt.
 [11 <./res/port_karolina.jpg>] (./portfolio.aux) ) 
Here is how much of TeX's memory you used:
 1598 strings out of 492995
 23778 string characters out of 6132704
 79266 words of memory out of 5000000
 5140 multiletter control sequences out of 15000+600000
 6675 words of font info for 24 fonts, out of 8000000 for 9000
 1141 hyphenation exceptions out of 8191
 39i,6n,25p,243b,250s stack positions out of 5000i,500n,10000p,200000b,80000s
</usr/local/texlive/2017/texmf-dist/fonts/type1/public/amsfonts/cm/cmr12.pfb></usr/local/texlive/2017/texmf-dist/fonts/type1/public/amsfonts/cm/cmr17.pfb>
Output written on portfolio.pdf (12 pages, 70583272 bytes).
PDF statistics:
 64 PDF objects out of 1000 (max. 8388607)
 35 compressed objects within 1 object stream
 0 named destinations out of 1000 (max. 500000)
 56 words of extra memory for PDF output out of 10000 (max. 10000000)

